CMD: gh run list --workflow ci.yml --limit 50 --json databaseId,conclusion,createdAt,headBranch,status,url
OUT: [{"conclusion":"failure","createdAt":"2026-04-09T12:00:00Z","databaseId":24188991578,"headBranch":"main","status":"completed","url":"https://github.com/minamiyama-ryota/browser_tetris/actions/runs/24188991578"},{"conclusion":"failure","createdAt":"2026-04-09T11:57:11Z","databaseId":24188878082,"headBranch":"main","status":"completed","url":"https://github.com/minamiyama-ryota/browser_tetris/actions/runs/24188878082"},{"conclusion":"failure","createdAt":"2026-04-09T11:51:35Z","databaseId":24188656808,"headBranch":"main","status":"completed","url":"https://github.com/minamiyama-ryota/browser_tetris/actions/runs/24188656808"},{"conclusion":"failure","createdAt":"2026-04-09T11:48:47Z","databaseId":24188549392,"headBranch":"ci/add-verification-match-check","status":"completed","url":"https://github.com/minamiyama-ryota/browser_tetris/actions/runs/24188549392"},{"conclusion":"failure","createdAt":"2026-04-09T11:48:26Z","databaseId":24188535877,"headBranch":"ci/add-verification-match-check","status":"completed","url":"https://github.com/minamiyama-ryota/browser_tetris/actions/runs/24188535877"},{"conclusion":"failure","createdAt":"2026-04-09T11:25:46Z","databaseId":24187661291,"headBranch":"main","status":"completed","url":"https://github.com/minamiyama-ryota/browser_tetris/actions/runs/24187661291"},{"conclusion":"failure","createdAt":"2026-04-09T11:25:37Z","databaseId":24187655017,"headBranch":"main","status":"completed","url":"https://github.com/minamiyama-ryota/browser_tetris/actions/runs/24187655017"},{"conclusion":"failure","createdAt":"2026-04-09T11:25:26Z","databaseId":24187647527,"headBranch":"main","status":"completed","url":"https://github.com/minamiyama-ryota/browser_tetris/actions/runs/24187647527"},{"conclusion":"failure","createdAt":"2026-04-08T11:52:24Z","databaseId":24133893372,"headBranch":"main","status":"completed","url":"https://github.com/minamiyama-ryota/browser_tetris/actions/runs/24133893372"},{"conclusion":"failure","createdAt":"2026-04-06T11:17:37Z","databaseId":24029780042,"headBranch":"main","status":"completed","url":"https://github.com/minamiyama-ryota/browser_tetris/actions/runs/24029780042"},{"conclusion":"failure","createdAt":"2026-04-06T11:14:27Z","databaseId":24029687804,"headBranch":"main","status":"completed","url":"https://github.com/minamiyama-ryota/browser_tetris/actions/runs/24029687804"},{"conclusion":"failure","createdAt":"2026-04-05T13:22:36Z","databaseId":24002412662,"headBranch":"main","status":"completed","url":"https://github.com/minamiyama-ryota/browser_tetris/actions/runs/24002412662"},{"conclusion":"failure","createdAt":"2026-04-05T12:38:19Z","databaseId":24001681104,"headBranch":"main","status":"completed","url":"https://github.com/minamiyama-ryota/browser_tetris/actions/runs/24001681104"},{"conclusion":"failure","createdAt":"2026-04-05T12:33:37Z","databaseId":24001606899,"headBranch":"main","status":"completed","url":"https://github.com/minamiyama-ryota/browser_tetris/actions/runs/24001606899"},{"conclusion":"failure","createdAt":"2026-04-03T12:41:02Z","databaseId":23946515377,"headBranch":"main","status":"completed","url":"https://github.com/minamiyama-ryota/browser_tetris/actions/runs/23946515377"}]

ERR: 
CMD: gh run download 24188991578 --name auth-debug --dir downloads-aggregate\24188991578\raw
OUT: 
ERR: 
CMD: gh run download 24188878082 --name auth-debug --dir downloads-aggregate\24188878082\raw
OUT: 
ERR: 
CMD: gh run download 24188656808 --name auth-debug --dir downloads-aggregate\24188656808\raw
OUT: 
ERR: 
CMD: gh run download 24188549392 --name auth-debug --dir downloads-aggregate\24188549392\raw
OUT: 
ERR: 
CMD: gh run download 24188535877 --name auth-debug --dir downloads-aggregate\24188535877\raw
OUT: 
ERR: 
CMD: gh run download 24187661291 --name auth-debug --dir downloads-aggregate\24187661291\raw
OUT: 
ERR: 
CMD: gh run download 24187655017 --name auth-debug --dir downloads-aggregate\24187655017\raw
OUT: 
ERR: 
CMD: gh run download 24187647527 --name auth-debug --dir downloads-aggregate\24187647527\raw
OUT: 
ERR: 
CMD: gh run list --workflow ci.yml --limit 10 --json databaseId,conclusion,createdAt,headBranch,status,url
OUT: [{"conclusion":"failure","createdAt":"2026-04-11T07:20:35Z","databaseId":24277524404,"headBranch":"ci/fix-aggregate-fetch-script-20260411","status":"completed","url":"https://github.com/smtsgth/browser_tetris/actions/runs/24277524404"},{"conclusion":"failure","createdAt":"2026-04-11T07:20:34Z","databaseId":24277524179,"headBranch":"ci/fix-aggregate-fetch-script-20260411","status":"completed","url":"https://github.com/smtsgth/browser_tetris/actions/runs/24277524179"},{"conclusion":"failure","createdAt":"2026-04-11T06:29:02Z","databaseId":24276673151,"headBranch":"main","status":"completed","url":"https://github.com/smtsgth/browser_tetris/actions/runs/24276673151"},{"conclusion":"failure","createdAt":"2026-04-11T06:27:42Z","databaseId":24276650345,"headBranch":"main","status":"completed","url":"https://github.com/smtsgth/browser_tetris/actions/runs/24276650345"},{"conclusion":"failure","createdAt":"2026-04-11T06:18:00Z","databaseId":24276487719,"headBranch":"main","status":"completed","url":"https://github.com/smtsgth/browser_tetris/actions/runs/24276487719"},{"conclusion":"failure","createdAt":"2026-04-11T05:55:47Z","databaseId":24276132299,"headBranch":"main","status":"completed","url":"https://github.com/smtsgth/browser_tetris/actions/runs/24276132299"},{"conclusion":"failure","createdAt":"2026-04-11T05:48:57Z","databaseId":24276019577,"headBranch":"main","status":"completed","url":"https://github.com/smtsgth/browser_tetris/actions/runs/24276019577"},{"conclusion":"failure","createdAt":"2026-04-11T05:46:46Z","databaseId":24275986101,"headBranch":"main","status":"completed","url":"https://github.com/smtsgth/browser_tetris/actions/runs/24275986101"},{"conclusion":"failure","createdAt":"2026-04-11T05:19:47Z","databaseId":24275536659,"headBranch":"main","status":"completed","url":"https://github.com/smtsgth/browser_tetris/actions/runs/24275536659"},{"conclusion":"failure","createdAt":"2026-04-11T05:14:32Z","databaseId":24275451382,"headBranch":"pr/remove-unnecessary-files","status":"completed","url":"https://github.com/smtsgth/browser_tetris/actions/runs/24275451382"}]

ERR: 
CMD: gh run download 24277524404 --name auth-debug --dir downloads-aggregate\24277524404\raw
OUT: 
ERR: 
CMD: gh run download 24277524179 --name auth-debug --dir downloads-aggregate\24277524179\raw
OUT: 
ERR: 
CMD: gh run download 24276673151 --name auth-debug --dir downloads-aggregate\24276673151\raw
OUT: 
ERR: 
CMD: gh run download 24276650345 --name auth-debug --dir downloads-aggregate\24276650345\raw
OUT: 
ERR: 
CMD: gh run download 24276487719 --name auth-debug --dir downloads-aggregate\24276487719\raw
OUT: 
ERR: 
CMD: gh run download 24276132299 --name auth-debug --dir downloads-aggregate\24276132299\raw
OUT: 
ERR: 
CMD: gh run download 24276019577 --name auth-debug --dir downloads-aggregate\24276019577\raw
OUT: 
ERR: 
CMD: gh run download 24275986101 --name auth-debug --dir downloads-aggregate\24275986101\raw
OUT: 
ERR: 
CMD: gh run download 24275536659 --name auth-debug --dir downloads-aggregate\24275536659\raw
OUT: 
ERR: 
CMD: gh run download 24275451382 --name auth-debug --dir downloads-aggregate\24275451382\raw
OUT: 
ERR: 
Saved previous summary to downloads-aggregate\auth_debug_summary.prev.csv
